# JRE version: Java(TM) SE Runtime Environment (21.0+35) (build 21+35-LTS-2513)
# Java VM: Java HotSpot(TM) 64-Bit Server VM (21+35-LTS-2513, mixed mode, emulated-client, sharing, tiered, compressed oops, compressed class ptrs, g1 gc, windows-amd64)
GC Precious Log:
 CardTable entry size: 512
 Card Set container configuration: InlinePtr #cards 5 size 8 Array Of Cards #cards 12 size 40 Howl #buckets 4 coarsen threshold 1843 Howl Bitmap #cards 512 size 80 coarsen threshold 460 Card regions per heap region 1 cards per card region 2048
 CPUs: 4 total, 4 available
 Memory: 8067M
 Large Page Support: Disabled
 NUMA Support: Disabled
 Compressed Oops: Enabled (32-bit)
 Heap Region Size: 1M
 Heap Min Capacity: 8M
 Heap Initial Capacity: 128M
 Heap Max Capacity: 2018M
 Pre-touch: Disabled
 Parallel Workers: 4
 Concurrent Workers: 1
 Concurrent Refinement Workers: 4
 Periodic GC: Disabled
Heap:
 garbage-first heap   total 78848K, used 51769K [0x0000000081e00000, 0x0000000100000000)
  region size 1024K, 13 young (13312K), 3 survivors (3072K)
 Metaspace       used 74046K, committed 74880K, reserved 1114112K
  class space    used 10550K, committed 10944K, reserved 1048576K
GC Heap History (20 events):
Event: 18.980 GC heap before
{Heap before GC invocations=12 (full 0):
 garbage-first heap   total 58368K, used 50737K [0x0000000081e00000, 0x0000000100000000)
  region size 1024K, 24 young (24576K), 2 survivors (2048K)
 Metaspace       used 42724K, committed 43264K, reserved 1114112K
  class space    used 5878K, committed 6144K, reserved 1048576K
}
Event: 18.996 GC heap after
{Heap after GC invocations=13 (full 0):
 garbage-first heap   total 58368K, used 30383K [0x0000000081e00000, 0x0000000100000000)
  region size 1024K, 3 young (3072K), 3 survivors (3072K)
 Metaspace       used 42724K, committed 43264K, reserved 1114112K
  class space    used 5878K, committed 6144K, reserved 1048576K
}
Event: 19.848 GC heap before
{Heap before GC invocations=13 (full 0):
 garbage-first heap   total 58368K, used 50863K [0x0000000081e00000, 0x0000000100000000)
  region size 1024K, 23 young (23552K), 3 survivors (3072K)
 Metaspace       used 44276K, committed 44864K, reserved 1114112K
  class space    used 6140K, committed 6400K, reserved 1048576K
}
Event: 19.862 GC heap after
{Heap after GC invocations=14 (full 0):
 garbage-first heap   total 58368K, used 32078K [0x0000000081e00000, 0x0000000100000000)
  region size 1024K, 3 young (3072K), 3 survivors (3072K)
 Metaspace       used 44276K, committed 44864K, reserved 1114112K
  class space    used 6140K, committed 6400K, reserved 1048576K
}
Event: 20.571 GC heap before
{Heap before GC invocations=15 (full 0):
 garbage-first heap   total 58368K, used 50510K [0x0000000081e00000, 0x0000000100000000)
  region size 1024K, 21 young (21504K), 3 survivors (3072K)
 Metaspace       used 45585K, committed 46144K, reserved 1114112K
  class space    used 6332K, committed 6592K, reserved 1048576K
}
Event: 20.577 GC heap after
{Heap after GC invocations=16 (full 0):
 garbage-first heap   total 58368K, used 33370K [0x0000000081e00000, 0x0000000100000000)
  region size 1024K, 2 young (2048K), 2 survivors (2048K)
 Metaspace       used 45585K, committed 46144K, reserved 1114112K
  class space    used 6332K, committed 6592K, reserved 1048576K
}
Event: 21.236 GC heap before
{Heap before GC invocations=16 (full 0):
 garbage-first heap   total 58368K, used 49754K [0x0000000081e00000, 0x0000000100000000)
  region size 1024K, 19 young (19456K), 2 survivors (2048K)
 Metaspace       used 49114K, committed 49664K, reserved 1114112K
  class space    used 6747K, committed 6976K, reserved 1048576K
}
Event: 21.242 GC heap after
{Heap after GC invocations=17 (full 0):
 garbage-first heap   total 58368K, used 34531K [0x0000000081e00000, 0x0000000100000000)
  region size 1024K, 3 young (3072K), 3 survivors (3072K)
 Metaspace       used 49114K, committed 49664K, reserved 1114112K
  class space    used 6747K, committed 6976K, reserved 1048576K
}
Event: 21.863 GC heap before
{Heap before GC invocations=17 (full 0):
 garbage-first heap   total 58368K, used 48867K [0x0000000081e00000, 0x0000000100000000)
  region size 1024K, 18 young (18432K), 3 survivors (3072K)
 Metaspace       used 52545K, committed 53248K, reserved 1114112K
  class space    used 7160K, committed 7488K, reserved 1048576K
}
Event: 21.868 GC heap after
{Heap after GC invocations=18 (full 0):
 garbage-first heap   total 58368K, used 34982K [0x0000000081e00000, 0x0000000100000000)
  region size 1024K, 2 young (2048K), 2 survivors (2048K)
 Metaspace       used 52545K, committed 53248K, reserved 1114112K
  class space    used 7160K, committed 7488K, reserved 1048576K
}
Event: 22.743 GC heap before
{Heap before GC invocations=19 (full 0):
 garbage-first heap   total 65536K, used 51366K [0x0000000081e00000, 0x0000000100000000)
  region size 1024K, 18 young (18432K), 2 survivors (2048K)
 Metaspace       used 55331K, committed 56064K, reserved 1114112K
  class space    used 7552K, committed 7936K, reserved 1048576K
}
Event: 22.748 GC heap after
{Heap after GC invocations=20 (full 0):
 garbage-first heap   total 78848K, used 35841K [0x0000000081e00000, 0x0000000100000000)
  region size 1024K, 2 young (2048K), 2 survivors (2048K)
 Metaspace       used 55331K, committed 56064K, reserved 1114112K
  class space    used 7552K, committed 7936K, reserved 1048576K
}
Event: 24.142 GC heap before
{Heap before GC invocations=20 (full 0):
 garbage-first heap   total 78848K, used 68609K [0x0000000081e00000, 0x0000000100000000)
  region size 1024K, 35 young (35840K), 2 survivors (2048K)
 Metaspace       used 61765K, committed 62528K, reserved 1114112K
  class space    used 8601K, committed 8960K, reserved 1048576K
}
Event: 24.149 GC heap after
{Heap after GC invocations=21 (full 0):
 garbage-first heap   total 78848K, used 36486K [0x0000000081e00000, 0x0000000100000000)
  region size 1024K, 3 young (3072K), 3 survivors (3072K)
 Metaspace       used 61765K, committed 62528K, reserved 1114112K
  class space    used 8601K, committed 8960K, reserved 1048576K
}
Event: 25.423 GC heap before
{Heap before GC invocations=21 (full 0):
 garbage-first heap   total 78848K, used 68230K [0x0000000081e00000, 0x0000000100000000)
  region size 1024K, 35 young (35840K), 3 survivors (3072K)
 Metaspace       used 68255K, committed 68992K, reserved 1114112K
  class space    used 9574K, committed 9920K, reserved 1048576K
}
Event: 25.438 GC heap after
{Heap after GC invocations=22 (full 0):
 garbage-first heap   total 78848K, used 38177K [0x0000000081e00000, 0x0000000100000000)
  region size 1024K, 5 young (5120K), 5 survivors (5120K)
 Metaspace       used 68255K, committed 68992K, reserved 1114112K
  class space    used 9574K, committed 9920K, reserved 1048576K
}
Event: 26.391 GC heap before
{Heap before GC invocations=23 (full 0):
 garbage-first heap   total 78848K, used 66849K [0x0000000081e00000, 0x0000000100000000)
  region size 1024K, 33 young (33792K), 5 survivors (5120K)
 Metaspace       used 71495K, committed 72256K, reserved 1114112K
  class space    used 10137K, committed 10496K, reserved 1048576K
}
Event: 26.422 GC heap after
{Heap after GC invocations=24 (full 0):
 garbage-first heap   total 78848K, used 40903K [0x0000000081e00000, 0x0000000100000000)
  region size 1024K, 5 young (5120K), 5 survivors (5120K)
 Metaspace       used 71495K, committed 72256K, reserved 1114112K
  class space    used 10137K, committed 10496K, reserved 1048576K
}
Event: 27.320 GC heap before
{Heap before GC invocations=24 (full 0):
 garbage-first heap   total 78848K, used 67527K [0x0000000081e00000, 0x0000000100000000)
  region size 1024K, 31 young (31744K), 5 survivors (5120K)
 Metaspace       used 73398K, committed 74240K, reserved 1114112K
  class space    used 10455K, committed 10816K, reserved 1048576K
}
Event: 27.334 GC heap after
{Heap after GC invocations=25 (full 0):
 garbage-first heap   total 78848K, used 42553K [0x0000000081e00000, 0x0000000100000000)
  region size 1024K, 3 young (3072K), 3 survivors (3072K)
 Metaspace       used 73398K, committed 74240K, reserved 1114112K
  class space    used 10455K, committed 10816K, reserved 1048576K
}

