# JRE version: Java(TM) SE Runtime Environment (21.0+35) (build 21+35-LTS-2513)
# Java VM: Java HotSpot(TM) 64-Bit Server VM (21+35-LTS-2513, mixed mode, emulated-client, sharing, tiered, compressed oops, compressed class ptrs, g1 gc, windows-amd64)
GC Precious Log:
 CardTable entry size: 512
 Card Set container configuration: InlinePtr #cards 5 size 8 Array Of Cards #cards 12 size 40 Howl #buckets 4 coarsen threshold 1843 Howl Bitmap #cards 512 size 80 coarsen threshold 460 Card regions per heap region 1 cards per card region 2048
 CPUs: 4 total, 4 available
 Memory: 8067M
 Large Page Support: Disabled
 NUMA Support: Disabled
 Compressed Oops: Enabled (32-bit)
 Heap Region Size: 1M
 Heap Min Capacity: 8M
 Heap Initial Capacity: 128M
 Heap Max Capacity: 2018M
 Pre-touch: Disabled
 Parallel Workers: 4
 Concurrent Workers: 1
 Concurrent Refinement Workers: 4
 Periodic GC: Disabled
Heap:
 garbage-first heap   total 89088K, used 49450K [0x0000000081e00000, 0x0000000100000000)
  region size 1024K, 7 young (7168K), 5 survivors (5120K)
 Metaspace       used 76993K, committed 77824K, reserved 1179648K
  class space    used 10990K, committed 11392K, reserved 1048576K
GC Heap History (20 events):
Event: 12.845 GC heap before
{Heap before GC invocations=13 (full 0):
 garbage-first heap   total 73728K, used 63746K [0x0000000081e00000, 0x0000000100000000)
  region size 1024K, 35 young (35840K), 4 survivors (4096K)
 Metaspace       used 48712K, committed 49408K, reserved 1114112K
  class space    used 6715K, committed 7040K, reserved 1048576K
}
Event: 12.853 GC heap after
{Heap after GC invocations=14 (full 0):
 garbage-first heap   total 73728K, used 33886K [0x0000000081e00000, 0x0000000100000000)
  region size 1024K, 2 young (2048K), 2 survivors (2048K)
 Metaspace       used 48712K, committed 49408K, reserved 1114112K
  class space    used 6715K, committed 7040K, reserved 1048576K
}
Event: 14.396 GC heap before
{Heap before GC invocations=14 (full 0):
 garbage-first heap   total 73728K, used 64606K [0x0000000081e00000, 0x0000000100000000)
  region size 1024K, 32 young (32768K), 2 survivors (2048K)
 Metaspace       used 54859K, committed 55616K, reserved 1114112K
  class space    used 7476K, committed 7808K, reserved 1048576K
}
Event: 14.404 GC heap after
{Heap after GC invocations=15 (full 0):
 garbage-first heap   total 73728K, used 35612K [0x0000000081e00000, 0x0000000100000000)
  region size 1024K, 4 young (4096K), 4 survivors (4096K)
 Metaspace       used 54859K, committed 55616K, reserved 1114112K
  class space    used 7476K, committed 7808K, reserved 1048576K
}
Event: 15.956 GC heap before
{Heap before GC invocations=15 (full 0):
 garbage-first heap   total 73728K, used 63260K [0x0000000081e00000, 0x0000000100000000)
  region size 1024K, 31 young (31744K), 4 survivors (4096K)
 Metaspace       used 59847K, committed 60672K, reserved 1114112K
  class space    used 8318K, committed 8704K, reserved 1048576K
}
Event: 15.963 GC heap after
{Heap after GC invocations=16 (full 0):
 garbage-first heap   total 73728K, used 36571K [0x0000000081e00000, 0x0000000100000000)
  region size 1024K, 3 young (3072K), 3 survivors (3072K)
 Metaspace       used 59847K, committed 60672K, reserved 1114112K
  class space    used 8318K, committed 8704K, reserved 1048576K
}
Event: 15.991 GC heap before
{Heap before GC invocations=16 (full 0):
 garbage-first heap   total 73728K, used 36571K [0x0000000081e00000, 0x0000000100000000)
  region size 1024K, 4 young (4096K), 3 survivors (3072K)
 Metaspace       used 59943K, committed 60736K, reserved 1114112K
  class space    used 8331K, committed 8704K, reserved 1048576K
}
Event: 15.996 GC heap after
{Heap after GC invocations=17 (full 0):
 garbage-first heap   total 73728K, used 36428K [0x0000000081e00000, 0x0000000100000000)
  region size 1024K, 1 young (1024K), 1 survivors (1024K)
 Metaspace       used 59943K, committed 60736K, reserved 1114112K
  class space    used 8331K, committed 8704K, reserved 1048576K
}
Event: 17.591 GC heap before
{Heap before GC invocations=18 (full 0):
 garbage-first heap   total 73728K, used 67148K [0x0000000081e00000, 0x0000000100000000)
  region size 1024K, 31 young (31744K), 1 survivors (1024K)
 Metaspace       used 66589K, committed 67392K, reserved 1114112K
  class space    used 9355K, committed 9728K, reserved 1048576K
}
Event: 17.596 GC heap after
{Heap after GC invocations=19 (full 0):
 garbage-first heap   total 73728K, used 37637K [0x0000000081e00000, 0x0000000100000000)
  region size 1024K, 3 young (3072K), 3 survivors (3072K)
 Metaspace       used 66589K, committed 67392K, reserved 1114112K
  class space    used 9355K, committed 9728K, reserved 1048576K
}
Event: 19.127 GC heap before
{Heap before GC invocations=19 (full 0):
 garbage-first heap   total 73728K, used 63237K [0x0000000081e00000, 0x0000000100000000)
  region size 1024K, 29 young (29696K), 3 survivors (3072K)
 Metaspace       used 70910K, committed 71680K, reserved 1114112K
  class space    used 10032K, committed 10368K, reserved 1048576K
}
Event: 19.145 GC heap after
{Heap after GC invocations=20 (full 0):
 garbage-first heap   total 73728K, used 39452K [0x0000000081e00000, 0x0000000100000000)
  region size 1024K, 4 young (4096K), 4 survivors (4096K)
 Metaspace       used 70910K, committed 71680K, reserved 1114112K
  class space    used 10032K, committed 10368K, reserved 1048576K
}
Event: 19.981 GC heap before
{Heap before GC invocations=20 (full 0):
 garbage-first heap   total 73728K, used 64028K [0x0000000081e00000, 0x0000000100000000)
  region size 1024K, 28 young (28672K), 4 survivors (4096K)
 Metaspace       used 72975K, committed 73856K, reserved 1114112K
  class space    used 10353K, committed 10752K, reserved 1048576K
}
Event: 19.992 GC heap after
{Heap after GC invocations=21 (full 0):
 garbage-first heap   total 89088K, used 41909K [0x0000000081e00000, 0x0000000100000000)
  region size 1024K, 3 young (3072K), 3 survivors (3072K)
 Metaspace       used 72975K, committed 73856K, reserved 1114112K
  class space    used 10353K, committed 10752K, reserved 1048576K
}
Event: 21.142 GC heap before
{Heap before GC invocations=22 (full 0):
 garbage-first heap   total 89088K, used 77749K [0x0000000081e00000, 0x0000000100000000)
  region size 1024K, 39 young (39936K), 3 survivors (3072K)
 Metaspace       used 74251K, committed 75136K, reserved 1114112K
  class space    used 10587K, committed 11008K, reserved 1048576K
}
Event: 21.152 GC heap after
{Heap after GC invocations=23 (full 0):
 garbage-first heap   total 89088K, used 44566K [0x0000000081e00000, 0x0000000100000000)
  region size 1024K, 5 young (5120K), 5 survivors (5120K)
 Metaspace       used 74251K, committed 75136K, reserved 1114112K
  class space    used 10587K, committed 11008K, reserved 1048576K
}
Event: 21.987 GC heap before
{Heap before GC invocations=23 (full 0):
 garbage-first heap   total 89088K, used 78358K [0x0000000081e00000, 0x0000000100000000)
  region size 1024K, 38 young (38912K), 5 survivors (5120K)
 Metaspace       used 75533K, committed 76416K, reserved 1179648K
  class space    used 10806K, committed 11200K, reserved 1048576K
}
Event: 22.006 GC heap after
{Heap after GC invocations=24 (full 0):
 garbage-first heap   total 89088K, used 46429K [0x0000000081e00000, 0x0000000100000000)
  region size 1024K, 3 young (3072K), 3 survivors (3072K)
 Metaspace       used 75533K, committed 76416K, reserved 1179648K
  class space    used 10806K, committed 11200K, reserved 1048576K
}
Event: 22.678 GC heap before
{Heap before GC invocations=24 (full 0):
 garbage-first heap   total 89088K, used 80221K [0x0000000081e00000, 0x0000000100000000)
  region size 1024K, 36 young (36864K), 3 survivors (3072K)
 Metaspace       used 76986K, committed 77824K, reserved 1179648K
  class space    used 10990K, committed 11392K, reserved 1048576K
}
Event: 22.692 GC heap after
{Heap after GC invocations=25 (full 0):
 garbage-first heap   total 89088K, used 48426K [0x0000000081e00000, 0x0000000100000000)
  region size 1024K, 5 young (5120K), 5 survivors (5120K)
 Metaspace       used 76986K, committed 77824K, reserved 1179648K
  class space    used 10990K, committed 11392K, reserved 1048576K
}

